<?xml version="1.0" encoding="UTF-8"?>
<!-- Generated by org.testng.reporters.JUnitReportReporter -->
<testsuite skipped="0" hostname="HP" name="fmdemo.Homepagetest" tests="1" failures="0" timestamp="27 Apr 2020 10:37:44 GMT" time="3.471" errors="0">
  <testcase name="Verifylogin" time="3.471" classname="fmdemo.Homepagetest"/>
</testsuite> <!-- fmdemo.Homepagetest -->
